<?xml version="1.0" encoding="UTF-8"?>
<testng-results ignored="0" total="1" passed="1" failed="0" skipped="0">
  <reporter-output>
  </reporter-output>
  <suite started-at="2025-10-15T14:23:34 GMT+06:00" name="Default suite" finished-at="2025-10-15T14:23:52 GMT+06:00" duration-ms="18449">
    <groups>
    </groups>
    <test started-at="2025-10-15T14:23:34 GMT+06:00" name="Default test" finished-at="2025-10-15T14:23:52 GMT+06:00" duration-ms="18449">
      <class name="com.mahabub.project.WeLearn_Automation.eDetailing_Review">
        <test-method is-config="true" signature="start()[pri:0, instance:com.mahabub.project.WeLearn_Automation.eDetailing_Review@4ec4f3a0]" started-at="2025-10-15T14:23:31 GMT+06:00" name="start" finished-at="2025-10-15T14:23:34 GMT+06:00" duration-ms="2497" status="PASS">
          <reporter-output>
          </reporter-output>
        </test-method> <!-- start -->
        <test-method signature="Review()[pri:0, instance:com.mahabub.project.WeLearn_Automation.eDetailing_Review@4ec4f3a0]" started-at="2025-10-15T14:23:34 GMT+06:00" name="Review" finished-at="2025-10-15T14:23:52 GMT+06:00" duration-ms="18411" status="PASS">
          <reporter-output>
          </reporter-output>
        </test-method> <!-- Review -->
        <test-method is-config="true" signature="close()[pri:0, instance:com.mahabub.project.WeLearn_Automation.eDetailing_Review@4ec4f3a0]" started-at="2025-10-15T14:23:52 GMT+06:00" name="close" finished-at="2025-10-15T14:23:52 GMT+06:00" duration-ms="154" status="PASS">
          <reporter-output>
          </reporter-output>
        </test-method> <!-- close -->
      </class> <!-- com.mahabub.project.WeLearn_Automation.eDetailing_Review -->
    </test> <!-- Default test -->
  </suite> <!-- Default suite -->
</testng-results>
